<?xml version="1.0" encoding="UTF-8"?>
<!-- Generated by org.testng.reporters.JUnitReportReporter -->
<testsuite hostname="EPINPUNW04DE" failures="0" tests="2" name="Day02_APIChaining.Test01_POST2" time="2.280" errors="0" timestamp="2022-07-28T18:23:33 IST" skipped="0">
  <testcase classname="Day02_APIChaining.Test01_POST2" name="Test_Post" time="1.739"/>
  <system-out/>
  <testcase classname="Day02_APIChaining.Test01_POST2" name="Test_Put" time="0.541"/>
  <system-out/>
</testsuite> <!-- Day02_APIChaining.Test01_POST2 -->
