<?xml version="1.0" encoding="UTF-8"?>
<!-- Generated by org.testng.reporters.JUnitReportReporter -->
<testsuite hostname="EPINPUNW04DE" failures="0" tests="1" name="Day02_APIChaining.Test" time="1.735" errors="0" timestamp="2022-07-28T18:16:28 IST" skipped="0">
  <testcase classname="Day02_APIChaining.Test" name="Day02_APIChaining" time="1.735"/>
  <system-out/>
</testsuite> <!-- Day02_APIChaining.Day02_APIChaining -->
