<?xml version="1.0" encoding="UTF-8"?>
<!-- Generated by org.testng.reporters.JUnitReportReporter -->
<testsuite hostname="EPINPUNW04DE" failures="0" tests="1" name="_Files_Common.Test01" time="1.818" errors="0" timestamp="2022-07-28T17:52:15 IST" skipped="0">
  <testcase classname="_Files_Common.Test01" name="Day02_APIChaining" time="1.818"/>
  <system-out/>
</testsuite> <!-- _Files_Common.Test01 -->
